21:46:58 **** Build of configuration Debug for project AG ****
make all 
Building file: ../main.c
Invoking: Cross GCC Compiler
gcc -O0 -g3 -Wall -c -fmessage-length=0 -MMD -MP -MF"main.d" -MT"main.d" -o "main.o" "../main.c"
../main.c: In function ‘main’:
../main.c:11:2: warning: implicit declaration of function ‘printf’ [-Wimplicit-function-declaration]
../main.c:11:2: warning: incompatible implicit declaration of built-in function ‘printf’ [enabled by default]
../main.c:14:1: warning: control reaches end of non-void function [-Wreturn-type]
Finished building: ../main.c
 
Building target: AG
Invoking: Cross GCC Linker
gcc  -o "AG"  ./main.o   
Finished building target: AG
 
21:47:01 **** Incremental Build of configuration Debug for project AG ****
make all 
make: Nada a ser feito para `all'.
21:48:30 **** Incremental Build of configuration Debug for project AG ****
make all 
Building file: ../main.c
Invoking: Cross GCC Compiler
gcc -O0 -g3 -Wall -c -fmessage-length=0 -MMD -MP -MF"main.d" -MT"main.d" -o "main.o" "../main.c"
../main.c: In function ‘main’:
../main.c:26:1: warning: control reaches end of non-void function [-Wreturn-type]
Finished building: ../main.c
 
Building target: AG
Invoking: Cross GCC Linker
gcc  -o "AG"  ./main.o   
Finished building target: AG
 
21:48:40 **** Incremental Build of configuration Debug for project AG ****
make all 
Building file: ../main.c
Invoking: Cross GCC Compiler
gcc -O0 -g3 -Wall -c -fmessage-length=0 -MMD -MP -MF"main.d" -MT"main.d" -o "main.o" "../main.c"
../main.c: In function ‘main’:
../main.c:26:1: warning: control reaches end of non-void function [-Wreturn-type]
Finished building: ../main.c
 
Building target: AG
Invoking: Cross GCC Linker
gcc  -o "AG"  ./main.o   
Finished building target: AG
 
21:49:10 **** Incremental Build of configuration Debug for project AG ****
make all 
Building file: ../main.c
Invoking: Cross GCC Compiler
gcc -O0 -g3 -Wall -c -fmessage-length=0 -MMD -MP -MF"main.d" -MT"main.d" -o "main.o" "../main.c"
../main.c: In function ‘main’:
../main.c:27:1: warning: control reaches end of non-void function [-Wreturn-type]
Finished building: ../main.c
 
Building target: AG
Invoking: Cross GCC Linker
gcc  -o "AG"  ./main.o   
Finished building target: AG
 
21:51:39 **** Incremental Build of configuration Debug for project AG ****
make all 
Building file: ../main.c
Invoking: Cross GCC Compiler
gcc -O0 -g3 -Wall -c -fmessage-length=0 -MMD -MP -MF"main.d" -MT"main.d" -o "main.o" "../main.c"
../main.c: In function ‘initialize_population’:
../main.c:25:21: error: expected ‘;’ before ‘)’ token
../main.c: In function ‘main’:
../main.c:39:1: warning: control reaches end of non-void function [-Wreturn-type]
make: ** [main.o] Erro 1
21:51:59 **** Incremental Build of configuration Debug for project AG ****
make all 
Building file: ../main.c
Invoking: Cross GCC Compiler
gcc -O0 -g3 -Wall -c -fmessage-length=0 -MMD -MP -MF"main.d" -MT"main.d" -o "main.o" "../main.c"
../main.c: In function ‘main’:
../main.c:39:1: warning: control reaches end of non-void function [-Wreturn-type]
Finished building: ../main.c
 
Building target: AG
Invoking: Cross GCC Linker
gcc  -o "AG"  ./main.o   
Finished building target: AG
 
21:52:04 **** Incremental Build of configuration Debug for project AG ****
make all 
make: Nada a ser feito para `all'.
21:54:09 **** Incremental Build of configuration Debug for project AG ****
make all 
Building file: ../main.c
Invoking: Cross GCC Compiler
gcc -O0 -g3 -Wall -c -fmessage-length=0 -MMD -MP -MF"main.d" -MT"main.d" -o "main.o" "../main.c"
../main.c: In function ‘main’:
../main.c:47:1: warning: control reaches end of non-void function [-Wreturn-type]
../main.c: In function ‘fitness_function’:
../main.c:37:1: warning: control reaches end of non-void function [-Wreturn-type]
Finished building: ../main.c
 
Building target: AG
Invoking: Cross GCC Linker
gcc  -o "AG"  ./main.o   
Finished building target: AG
 
21:58:03 **** Incremental Build of configuration Debug for project AG ****
make all 
Building file: ../main.c
Invoking: Cross GCC Compiler
gcc -O0 -g3 -Wall -c -fmessage-length=0 -MMD -MP -MF"main.d" -MT"main.d" -o "main.o" "../main.c"
../main.c: In function ‘fitness_function’:
../main.c:36:3: warning: implicit declaration of function ‘pow’ [-Wimplicit-function-declaration]
../main.c:36:15: warning: incompatible implicit declaration of built-in function ‘pow’ [enabled by default]
../main.c:36:13: error: invalid operands to binary * (have ‘individual’ and ‘double’)
../main.c: In function ‘main’:
../main.c:74:1: warning: control reaches end of non-void function [-Wreturn-type]
make: ** [main.o] Erro 1
21:58:23 **** Incremental Build of configuration Debug for project AG ****
make all 
Building file: ../main.c
Invoking: Cross GCC Compiler
gcc -O0 -g3 -Wall -c -fmessage-length=0 -MMD -MP -MF"main.d" -MT"main.d" -o "main.o" "../main.c"
../main.c: In function ‘fitness_function’:
../main.c:36:3: warning: implicit declaration of function ‘pow’ [-Wimplicit-function-declaration]
../main.c:36:25: warning: incompatible implicit declaration of built-in function ‘pow’ [enabled by default]
../main.c: In function ‘main’:
../main.c:74:1: warning: control reaches end of non-void function [-Wreturn-type]
Finished building: ../main.c
 
Building target: AG
Invoking: Cross GCC Linker
gcc  -o "AG"  ./main.o   
./main.o: na função `fitness_function':
/home/igorsr/projetos/metaheuristics/Algoritmo genetico/AG/Debug/../main.c:36: referência indefinida para `pow'
collect2: ld returned 1 exit status
make: ** [AG] Erro 1
21:58:37 **** Incremental Build of configuration Debug for project AG ****
make all 
Building file: ../main.c
Invoking: Cross GCC Compiler
gcc -O0 -g3 -Wall -c -fmessage-length=0 -MMD -MP -MF"main.d" -MT"main.d" -o "main.o" "../main.c"
../main.c: In function ‘initialize_population’:
../main.c:28:4: error: ‘parti’ undeclared (first use in this function)
../main.c:28:4: note: each undeclared identifier is reported only once for each function it appears in
../main.c:29:2: error: expected ‘;’ before ‘}’ token
../main.c: In function ‘main’:
../main.c:75:1: warning: control reaches end of non-void function [-Wreturn-type]
make: ** [main.o] Erro 1
21:58:42 **** Incremental Build of configuration Debug for project AG ****
make all 
Building file: ../main.c
Invoking: Cross GCC Compiler
gcc -O0 -g3 -Wall -c -fmessage-length=0 -MMD -MP -MF"main.d" -MT"main.d" -o "main.o" "../main.c"
../main.c: In function ‘main’:
../main.c:75:1: warning: control reaches end of non-void function [-Wreturn-type]
Finished building: ../main.c
 
Building target: AG
Invoking: Cross GCC Linker
gcc  -o "AG"  ./main.o   
./main.o: na função `fitness_function':
/home/igorsr/projetos/metaheuristics/Algoritmo genetico/AG/Debug/../main.c:37: referência indefinida para `pow'
collect2: ld returned 1 exit status
make: ** [AG] Erro 1
21:58:53 **** Incremental Build of configuration Debug for project AG ****
make all 
Building target: AG
Invoking: Cross GCC Linker
gcc  -o "AG"  ./main.o   
./main.o: na função `fitness_function':
/home/igorsr/projetos/metaheuristics/Algoritmo genetico/AG/Debug/../main.c:37: referência indefinida para `pow'
collect2: ld returned 1 exit status
make: ** [AG] Erro 1
22:00:49 **** Incremental Build of configuration Debug for project AG ****
make all 
Building file: ../main.c
Invoking: Cross GCC Compiler
gcc -Im -O0 -g3 -Wall -c -fmessage-length=0 -MMD -MP -MF"main.d" -MT"main.d" -o "main.o" "../main.c"
../main.c: In function ‘main’:
../main.c:75:1: warning: control reaches end of non-void function [-Wreturn-type]
Finished building: ../main.c
 
Building target: AG
Invoking: Cross GCC Linker
gcc  -o "AG"  ./main.o   
./main.o: na função `fitness_function':
/home/igorsr/projetos/metaheuristics/Algoritmo genetico/AG/Debug/../main.c:37: referência indefinida para `pow'
collect2: ld returned 1 exit status
make: ** [AG] Erro 1
22:03:12 **** Incremental Build of configuration Debug for project AG ****
make all 
Building file: ../main.c
Invoking: Cross GCC Compiler
gcc -Im -O0 -g3 -Wall -c -fmessage-length=0 -MMD -MP -MF"main.d" -MT"main.d" -o "main.o" "../main.c"
../main.c: In function ‘main’:
../main.c:75:1: warning: control reaches end of non-void function [-Wreturn-type]
Finished building: ../main.c
 
Building target: AG
Invoking: Cross GCC Linker
gcc  -o "AG"  ./main.o   -lm
Finished building target: AG
 
22:03:16 **** Incremental Build of configuration Debug for project AG ****
make all 
make: Nada a ser feito para `all'.
22:13:27 **** Incremental Build of configuration Debug for project AG ****
make all 
Building file: ../main.c
Invoking: Cross GCC Compiler
gcc -Im -O0 -g3 -Wall -c -fmessage-length=0 -MMD -MP -MF"main.d" -MT"main.d" -o "main.o" "../main.c"
../main.c: In function ‘mutation’:
../main.c:94:5: error: request for member ‘genotype’ in something not a structure or union
../main.c:94:22: error: request for member ‘genotype’ in something not a structure or union
../main.c: In function ‘main’:
../main.c:106:1: warning: control reaches end of non-void function [-Wreturn-type]
make: ** [main.o] Erro 1
22:13:38 **** Incremental Build of configuration Debug for project AG ****
make all 
Building file: ../main.c
Invoking: Cross GCC Compiler
gcc -Im -O0 -g3 -Wall -c -fmessage-length=0 -MMD -MP -MF"main.d" -MT"main.d" -o "main.o" "../main.c"
../main.c: In function ‘main’:
../main.c:106:1: warning: control reaches end of non-void function [-Wreturn-type]
Finished building: ../main.c
 
Building target: AG
Invoking: Cross GCC Linker
gcc  -o "AG"  ./main.o   -lm
Finished building target: AG
 
22:15:28 **** Incremental Build of configuration Debug for project AG ****
make all 
Building file: ../main.c
Invoking: Cross GCC Compiler
gcc -Im -O0 -g3 -Wall -c -fmessage-length=0 -MMD -MP -MF"main.d" -MT"main.d" -o "main.o" "../main.c"
Finished building: ../main.c
 
Building target: AG
Invoking: Cross GCC Linker
gcc  -o "AG"  ./main.o   -lm
Finished building target: AG
 
22:15:30 **** Incremental Build of configuration Debug for project AG ****
make all 
make: Nada a ser feito para `all'.
22:16:55 **** Incremental Build of configuration Debug for project AG ****
make all 
Building file: ../main.c
Invoking: Cross GCC Compiler
gcc -Im -O0 -g3 -Wall -c -fmessage-length=0 -MMD -MP -MF"main.d" -MT"main.d" -o "main.o" "../main.c"
Finished building: ../main.c
 
Building target: AG
Invoking: Cross GCC Linker
gcc  -o "AG"  ./main.o   -lm
Finished building target: AG
 
22:16:56 **** Incremental Build of configuration Debug for project AG ****
make all 
make: Nada a ser feito para `all'.
22:18:01 **** Incremental Build of configuration Debug for project AG ****
make all 
Building file: ../main.c
Invoking: Cross GCC Compiler
gcc -Im -O0 -g3 -Wall -c -fmessage-length=0 -MMD -MP -MF"main.d" -MT"main.d" -o "main.o" "../main.c"
../main.c: In function ‘selection’:
../main.c:63:9: error: ‘print_populationwinner’ undeclared (first use in this function)
../main.c:63:9: note: each undeclared identifier is reported only once for each function it appears in
../main.c:64:1: warning: control reaches end of non-void function [-Wreturn-type]
make: ** [main.o] Erro 1
22:18:08 **** Incremental Build of configuration Debug for project AG ****
make all 
Building file: ../main.c
Invoking: Cross GCC Compiler
gcc -Im -O0 -g3 -Wall -c -fmessage-length=0 -MMD -MP -MF"main.d" -MT"main.d" -o "main.o" "../main.c"
Finished building: ../main.c
 
Building target: AG
Invoking: Cross GCC Linker
gcc  -o "AG"  ./main.o   -lm
Finished building target: AG
 
22:18:10 **** Incremental Build of configuration Debug for project AG ****
make all 
make: Nada a ser feito para `all'.
22:19:21 **** Incremental Build of configuration Debug for project AG ****
make all 
Building file: ../main.c
Invoking: Cross GCC Compiler
gcc -Im -O0 -g3 -Wall -c -fmessage-length=0 -MMD -MP -MF"main.d" -MT"main.d" -o "main.o" "../main.c"
../main.c: In function ‘evaluation’:
../main.c:50:3: error: incompatible type for argument 1 of ‘fitness_function’
../main.c:36:7: note: expected ‘struct individual *’ but argument is of type ‘individual’
make: ** [main.o] Erro 1
22:19:44 **** Incremental Build of configuration Debug for project AG ****
make all 
Building file: ../main.c
Invoking: Cross GCC Compiler
gcc -Im -O0 -g3 -Wall -c -fmessage-length=0 -MMD -MP -MF"main.d" -MT"main.d" -o "main.o" "../main.c"
../main.c: In function ‘evaluation’:
../main.c:50:9: error: invalid type argument of ‘->’ (have ‘individual’)
make: ** [main.o] Erro 1
22:19:54 **** Incremental Build of configuration Debug for project AG ****
make all 
Building file: ../main.c
Invoking: Cross GCC Compiler
gcc -Im -O0 -g3 -Wall -c -fmessage-length=0 -MMD -MP -MF"main.d" -MT"main.d" -o "main.o" "../main.c"
../main.c: In function ‘evaluation’:
../main.c:50:3: warning: passing argument 1 of ‘fitness_function’ from incompatible pointer type [enabled by default]
../main.c:36:7: note: expected ‘struct individual *’ but argument is of type ‘struct individual **’
Finished building: ../main.c
 
Building target: AG
Invoking: Cross GCC Linker
gcc  -o "AG"  ./main.o   -lm
Finished building target: AG
 
22:20:01 **** Incremental Build of configuration Debug for project AG ****
make all 
Building file: ../main.c
Invoking: Cross GCC Compiler
gcc -Im -O0 -g3 -Wall -c -fmessage-length=0 -MMD -MP -MF"main.d" -MT"main.d" -o "main.o" "../main.c"
Finished building: ../main.c
 
Building target: AG
Invoking: Cross GCC Linker
gcc  -o "AG"  ./main.o   -lm
Finished building target: AG
 
22:20:03 **** Incremental Build of configuration Debug for project AG ****
make all 
make: Nada a ser feito para `all'.
22:20:22 **** Incremental Build of configuration Debug for project AG ****
make all 
Building file: ../main.c
Invoking: Cross GCC Compiler
gcc -Im -O0 -g3 -Wall -c -fmessage-length=0 -MMD -MP -MF"main.d" -MT"main.d" -o "main.o" "../main.c"
../main.c: In function ‘main’:
../main.c:124:2: warning: passing argument 1 of ‘evaluation’ from incompatible pointer type [enabled by default]
../main.c:46:6: note: expected ‘struct individual **’ but argument is of type ‘struct individual *’
Finished building: ../main.c
 
Building target: AG
Invoking: Cross GCC Linker
gcc  -o "AG"  ./main.o   -lm
Finished building target: AG
 
22:20:24 **** Incremental Build of configuration Debug for project AG ****
make all 
make: Nada a ser feito para `all'.
22:20:58 **** Incremental Build of configuration Debug for project AG ****
make all 
Building file: ../main.c
Invoking: Cross GCC Compiler
gcc -Im -O0 -g3 -Wall -c -fmessage-length=0 -MMD -MP -MF"main.d" -MT"main.d" -o "main.o" "../main.c"
../main.c: In function ‘evaluation’:
../main.c:50:9: error: invalid type argument of ‘->’ (have ‘individual’)
../main.c:50:3: error: incompatible type for argument 1 of ‘fitness_function’
../main.c:36:7: note: expected ‘struct individual *’ but argument is of type ‘individual’
make: ** [main.o] Erro 1
22:21:10 **** Incremental Build of configuration Debug for project AG ****
make all 
Building file: ../main.c
Invoking: Cross GCC Compiler
gcc -Im -O0 -g3 -Wall -c -fmessage-length=0 -MMD -MP -MF"main.d" -MT"main.d" -o "main.o" "../main.c"
../main.c: In function ‘evaluation’:
../main.c:50:9: error: invalid type argument of ‘->’ (have ‘individual’)
make: ** [main.o] Erro 1
22:21:17 **** Incremental Build of configuration Debug for project AG ****
make all 
Building file: ../main.c
Invoking: Cross GCC Compiler
gcc -Im -O0 -g3 -Wall -c -fmessage-length=0 -MMD -MP -MF"main.d" -MT"main.d" -o "main.o" "../main.c"
../main.c: In function ‘evaluation’:
../main.c:50:9: error: invalid type argument of ‘->’ (have ‘individual’)
make: ** [main.o] Erro 1
22:21:27 **** Incremental Build of configuration Debug for project AG ****
make all 
Building file: ../main.c
Invoking: Cross GCC Compiler
gcc -Im -O0 -g3 -Wall -c -fmessage-length=0 -MMD -MP -MF"main.d" -MT"main.d" -o "main.o" "../main.c"
Finished building: ../main.c
 
Building target: AG
Invoking: Cross GCC Linker
gcc  -o "AG"  ./main.o   -lm
Finished building target: AG
 
22:21:30 **** Incremental Build of configuration Debug for project AG ****
make all 
make: Nada a ser feito para `all'.
22:21:35 **** Incremental Build of configuration Debug for project AG ****
make all 
Building file: ../main.c
Invoking: Cross GCC Compiler
gcc -Im -O0 -g3 -Wall -c -fmessage-length=0 -MMD -MP -MF"main.d" -MT"main.d" -o "main.o" "../main.c"
../main.c: In function ‘evaluation’:
../main.c:50:3: error: incompatible type for argument 1 of ‘fitness_function’
../main.c:36:7: note: expected ‘struct individual *’ but argument is of type ‘individual’
make: ** [main.o] Erro 1
22:30:58 **** Incremental Build of configuration Debug for project AG ****
make all 
Building file: ../main.c
Invoking: Cross GCC Compiler
gcc -Im -O0 -g3 -Wall -c -fmessage-length=0 -MMD -MP -MF"main.d" -MT"main.d" -o "main.o" "../main.c"
Finished building: ../main.c
 
Building target: AG
Invoking: Cross GCC Linker
gcc  -o "AG"  ./main.o   -lm
Finished building target: AG
 
22:37:50 **** Incremental Build of configuration Debug for project AG ****
make all 
Building file: ../main.c
Invoking: Cross GCC Compiler
gcc -Im -O0 -g3 -Wall -c -fmessage-length=0 -MMD -MP -MF"main.d" -MT"main.d" -o "main.o" "../main.c"
Finished building: ../main.c
 
Building target: AG
Invoking: Cross GCC Linker
gcc  -o "AG"  ./main.o   -lm
Finished building target: AG
 
22:37:54 **** Incremental Build of configuration Debug for project AG ****
make all 
make: Nada a ser feito para `all'.
22:43:54 **** Incremental Build of configuration Debug for project AG ****
make all 
Building file: ../main.c
Invoking: Cross GCC Compiler
gcc -Im -O0 -g3 -Wall -c -fmessage-length=0 -MMD -MP -MF"main.d" -MT"main.d" -o "main.o" "../main.c"
../main.c: In function ‘create_new_population’:
../main.c:164:3: error: incompatible type for argument 1 of ‘mutation’
../main.c:98:6: note: expected ‘struct individual *’ but argument is of type ‘individual’
../main.c:165:3: error: incompatible type for argument 1 of ‘mutation’
../main.c:98:6: note: expected ‘struct individual *’ but argument is of type ‘individual’
../main.c:169:9: warning: implicit declaration of function ‘adiciona_individuo’ [-Wimplicit-function-declaration]
../main.c:169:29: error: ‘filho1’ undeclared (first use in this function)
../main.c:169:29: note: each undeclared identifier is reported only once for each function it appears in
../main.c:170:29: error: ‘filho2’ undeclared (first use in this function)
../main.c:174:12: error: ‘populacao’ undeclared (first use in this function)
../main.c:174:23: error: ‘TAMANHO_POPULACAO’ undeclared (first use in this function)
../main.c:174:49: error: ‘individuo’ undeclared (first use in this function)
../main.c:174:95: error: ‘compara_individuo’ undeclared (first use in this function)
../main.c:177:12: error: ‘copia_populacao’ undeclared (first use in this function)
../main.c:181:14: error: ‘ELITE’ undeclared (first use in this function)
../main.c:183:19: error: ‘TAMANHO_INDIVIDUO’ undeclared (first use in this function)
make: ** [main.o] Erro 1
22:44:23 **** Incremental Build of configuration Debug for project AG ****
make all 
Building file: ../main.c
Invoking: Cross GCC Compiler
gcc -Im -O0 -g3 -Wall -c -fmessage-length=0 -MMD -MP -MF"main.d" -MT"main.d" -o "main.o" "../main.c"
../main.c: In function ‘create_new_population’:
../main.c:169:9: warning: implicit declaration of function ‘adiciona_individuo’ [-Wimplicit-function-declaration]
../main.c:169:29: error: ‘filho1’ undeclared (first use in this function)
../main.c:169:29: note: each undeclared identifier is reported only once for each function it appears in
../main.c:170:29: error: ‘filho2’ undeclared (first use in this function)
make: ** [main.o] Erro 1
22:46:01 **** Incremental Build of configuration Debug for project AG ****
make all 
Building file: ../main.c
Invoking: Cross GCC Compiler
gcc -Im -O0 -g3 -Wall -c -fmessage-length=0 -MMD -MP -MF"main.d" -MT"main.d" -o "main.o" "../main.c"
Finished building: ../main.c
 
Building target: AG
Invoking: Cross GCC Linker
gcc  -o "AG"  ./main.o   -lm
Finished building target: AG
 
22:46:03 **** Incremental Build of configuration Debug for project AG ****
make all 
make: Nada a ser feito para `all'.
22:46:13 **** Incremental Build of configuration Debug for project AG ****
make all 
Building file: ../main.c
Invoking: Cross GCC Compiler
gcc -Im -O0 -g3 -Wall -c -fmessage-length=0 -MMD -MP -MF"main.d" -MT"main.d" -o "main.o" "../main.c"
Finished building: ../main.c
 
Building target: AG
Invoking: Cross GCC Linker
gcc  -o "AG"  ./main.o   -lm
Finished building target: AG
 
22:46:15 **** Incremental Build of configuration Debug for project AG ****
make all 
make: Nada a ser feito para `all'.
22:46:58 **** Incremental Build of configuration Debug for project AG ****
make all 
Building file: ../main.c
Invoking: Cross GCC Compiler
gcc -Im -O0 -g3 -Wall -c -fmessage-length=0 -MMD -MP -MF"main.d" -MT"main.d" -o "main.o" "../main.c"
Finished building: ../main.c
 
Building target: AG
Invoking: Cross GCC Linker
gcc  -o "AG"  ./main.o   -lm
Finished building target: AG
 
22:47:44 **** Incremental Build of configuration Debug for project AG ****
make all 
Building file: ../main.c
Invoking: Cross GCC Compiler
gcc -Im -O0 -g3 -Wall -c -fmessage-length=0 -MMD -MP -MF"main.d" -MT"main.d" -o "main.o" "../main.c"
Finished building: ../main.c
 
Building target: AG
Invoking: Cross GCC Linker
gcc  -o "AG"  ./main.o   -lm
Finished building target: AG
 
22:47:45 **** Incremental Build of configuration Debug for project AG ****
make all 
make: Nada a ser feito para `all'.
22:47:46 **** Incremental Build of configuration Debug for project AG ****
make all 
make: Nada a ser feito para `all'.
22:47:48 **** Incremental Build of configuration Debug for project AG ****
make all 
make: Nada a ser feito para `all'.
22:47:49 **** Incremental Build of configuration Debug for project AG ****
make all 
make: Nada a ser feito para `all'.
22:47:51 **** Incremental Build of configuration Debug for project AG ****
make all 
make: Nada a ser feito para `all'.
22:47:53 **** Incremental Build of configuration Debug for project AG ****
make all 
make: Nada a ser feito para `all'.
22:49:34 **** Incremental Build of configuration Debug for project AG ****
make all 
Building file: ../main.c
Invoking: Cross GCC Compiler
gcc -Im -O0 -g3 -Wall -c -fmessage-length=0 -MMD -MP -MF"main.d" -MT"main.d" -o "main.o" "../main.c"
../main.c: In function ‘fitness_function’:
../main.c:43:3: warning: statement with no effect [-Wunused-value]
../main.c:44:2: error: expected ‘;’ before ‘return’
../main.c: At top level:
../main.c:57:4: error: expected identifier or ‘(’ before numeric constant
../main.c:71:0: warning: "GENERATIONS" redefined [enabled by default]
../main.c:17:0: note: this is the location of the previous definition
../main.c: In function ‘create_new_population’:
../main.c:150:3: warning: implicit declaration of function ‘selection’ [-Wimplicit-function-declaration]
../main.c: In function ‘fitness_function’:
../main.c:45:1: warning: control reaches end of non-void function [-Wreturn-type]
make: ** [main.o] Erro 1
22:49:41 **** Incremental Build of configuration Debug for project AG ****
make all 
Building file: ../main.c
Invoking: Cross GCC Compiler
gcc -Im -O0 -g3 -Wall -c -fmessage-length=0 -MMD -MP -MF"main.d" -MT"main.d" -o "main.o" "../main.c"
../main.c:57:4: error: expected identifier or ‘(’ before numeric constant
../main.c:71:0: warning: "GENERATIONS" redefined [enabled by default]
../main.c:17:0: note: this is the location of the previous definition
../main.c: In function ‘create_new_population’:
../main.c:150:3: warning: implicit declaration of function ‘selection’ [-Wimplicit-function-declaration]
make: ** [main.o] Erro 1
22:50:00 **** Incremental Build of configuration Debug for project AG ****
make all 
Building file: ../main.c
Invoking: Cross GCC Compiler
gcc -Im -O0 -g3 -Wall -c -fmessage-length=0 -MMD -MP -MF"main.d" -MT"main.d" -o "main.o" "../main.c"
Finished building: ../main.c
 
Building target: AG
Invoking: Cross GCC Linker
gcc  -o "AG"  ./main.o   -lm
Finished building target: AG
 
22:50:02 **** Incremental Build of configuration Debug for project AG ****
make all 
make: Nada a ser feito para `all'.
22:50:29 **** Incremental Build of configuration Debug for project AG ****
make all 
Building file: ../main.c
Invoking: Cross GCC Compiler
gcc -Im -O0 -g3 -Wall -c -fmessage-length=0 -MMD -MP -MF"main.d" -MT"main.d" -o "main.o" "../main.c"
Finished building: ../main.c
 
Building target: AG
Invoking: Cross GCC Linker
gcc  -o "AG"  ./main.o   -lm
Finished building target: AG
 
22:50:31 **** Incremental Build of configuration Debug for project AG ****
make all 
make: Nada a ser feito para `all'.
22:51:02 **** Incremental Build of configuration Debug for project AG ****
make all 
Building file: ../main.c
Invoking: Cross GCC Compiler
gcc -Im -O0 -g3 -Wall -c -fmessage-length=0 -MMD -MP -MF"main.d" -MT"main.d" -o "main.o" "../main.c"
../main.c: In function ‘print_population’:
../main.c:170:3: error: stray ‘#’ in program
../main.c:170:3: warning: statement with no effect [-Wunused-value]
../main.c:170:24: error: expected ‘)’ before ‘define’
make: ** [main.o] Erro 1
22:51:03 **** Incremental Build of configuration Debug for project AG ****
make all 
Building file: ../main.c
Invoking: Cross GCC Compiler
gcc -Im -O0 -g3 -Wall -c -fmessage-length=0 -MMD -MP -MF"main.d" -MT"main.d" -o "main.o" "../main.c"
../main.c: In function ‘print_population’:
../main.c:170:3: error: stray ‘#’ in program
../main.c:170:3: warning: statement with no effect [-Wunused-value]
../main.c:170:24: error: expected ‘)’ before ‘define’
make: ** [main.o] Erro 1
22:51:13 **** Incremental Build of configuration Debug for project AG ****
make all 
Building file: ../main.c
Invoking: Cross GCC Compiler
gcc -Im -O0 -g3 -Wall -c -fmessage-length=0 -MMD -MP -MF"main.d" -MT"main.d" -o "main.o" "../main.c"
../main.c: In function ‘print_population’:
../main.c:170:3: error: stray ‘#’ in program
../main.c:170:3: warning: statement with no effect [-Wunused-value]
../main.c:170:24: error: expected ‘)’ before ‘define’
make: ** [main.o] Erro 1
22:51:19 **** Incremental Build of configuration Debug for project AG ****
make all 
Building file: ../main.c
Invoking: Cross GCC Compiler
gcc -Im -O0 -g3 -Wall -c -fmessage-length=0 -MMD -MP -MF"main.d" -MT"main.d" -o "main.o" "../main.c"
Finished building: ../main.c
 
Building target: AG
Invoking: Cross GCC Linker
gcc  -o "AG"  ./main.o   -lm
Finished building target: AG
 
22:51:21 **** Incremental Build of configuration Debug for project AG ****
make all 
make: Nada a ser feito para `all'.
22:51:52 **** Incremental Build of configuration Debug for project AG ****
make all 
Building file: ../main.c
Invoking: Cross GCC Compiler
gcc -Im -O0 -g3 -Wall -c -fmessage-length=0 -MMD -MP -MF"main.d" -MT"main.d" -o "main.o" "../main.c"
Finished building: ../main.c
 
Building target: AG
Invoking: Cross GCC Linker
gcc  -o "AG"  ./main.o   -lm
Finished building target: AG
 
22:51:54 **** Incremental Build of configuration Debug for project AG ****
make all 
make: Nada a ser feito para `all'.
22:52:03 **** Incremental Build of configuration Debug for project AG ****
make all 
Building file: ../main.c
Invoking: Cross GCC Compiler
gcc -Im -O0 -g3 -Wall -c -fmessage-length=0 -MMD -MP -MF"main.d" -MT"main.d" -o "main.o" "../main.c"
Finished building: ../main.c
 
Building target: AG
Invoking: Cross GCC Linker
gcc  -o "AG"  ./main.o   -lm
Finished building target: AG
 
22:52:04 **** Incremental Build of configuration Debug for project AG ****
make all 
make: Nada a ser feito para `all'.
22:52:14 **** Incremental Build of configuration Debug for project AG ****
make all 
Building file: ../main.c
Invoking: Cross GCC Compiler
gcc -Im -O0 -g3 -Wall -c -fmessage-length=0 -MMD -MP -MF"main.d" -MT"main.d" -o "main.o" "../main.c"
Finished building: ../main.c
 
Building target: AG
Invoking: Cross GCC Linker
gcc  -o "AG"  ./main.o   -lm
Finished building target: AG
 
22:52:15 **** Incremental Build of configuration Debug for project AG ****
make all 
make: Nada a ser feito para `all'.
22:53:13 **** Incremental Build of configuration Debug for project AG ****
make all 
Building file: ../main.c
Invoking: Cross GCC Compiler
gcc -Im -O0 -g3 -Wall -c -fmessage-length=0 -MMD -MP -MF"main.d" -MT"main.d" -o "main.o" "../main.c"
Finished building: ../main.c
 
Building target: AG
Invoking: Cross GCC Linker
gcc  -o "AG"  ./main.o   -lm
Finished building target: AG
 
22:53:14 **** Incremental Build of configuration Debug for project AG ****
make all 
make: Nada a ser feito para `all'.
22:54:10 **** Incremental Build of configuration Debug for project AG ****
make all 
Building file: ../main.c
Invoking: Cross GCC Compiler
gcc -Im -O0 -g3 -Wall -c -fmessage-length=0 -MMD -MP -MF"main.d" -MT"main.d" -o "main.o" "../main.c"
Finished building: ../main.c
 
Building target: AG
Invoking: Cross GCC Linker
gcc  -o "AG"  ./main.o   -lm
Finished building target: AG
 
22:54:11 **** Incremental Build of configuration Debug for project AG ****
make all 
make: Nada a ser feito para `all'.
22:55:12 **** Incremental Build of configuration Debug for project AG ****
make all 
Building file: ../main.c
Invoking: Cross GCC Compiler
gcc -Im -O0 -g3 -Wall -c -fmessage-length=0 -MMD -MP -MF"main.d" -MT"main.d" -o "main.o" "../main.c"
Finished building: ../main.c
 
Building target: AG
Invoking: Cross GCC Linker
gcc  -o "AG"  ./main.o   -lm
Finished building target: AG
 
22:55:14 **** Incremental Build of configuration Debug for project AG ****
make all 
make: Nada a ser feito para `all'.
22:56:43 **** Incremental Build of configuration Debug for project AG ****
make all 
Building file: ../main.c
Invoking: Cross GCC Compiler
gcc -Im -O0 -g3 -Wall -c -fmessage-length=0 -MMD -MP -MF"main.d" -MT"main.d" -o "main.o" "../main.c"
../main.c: In function ‘fitness_function’:
../main.c:42:12: error: expected identifier before ‘(’ token
make: ** [main.o] Erro 1
22:56:44 **** Incremental Build of configuration Debug for project AG ****
make all 
Building file: ../main.c
Invoking: Cross GCC Compiler
gcc -Im -O0 -g3 -Wall -c -fmessage-length=0 -MMD -MP -MF"main.d" -MT"main.d" -o "main.o" "../main.c"
../main.c: In function ‘fitness_function’:
../main.c:42:12: error: expected identifier before ‘(’ token
make: ** [main.o] Erro 1
22:56:56 **** Incremental Build of configuration Debug for project AG ****
make all 
Building file: ../main.c
Invoking: Cross GCC Compiler
gcc -Im -O0 -g3 -Wall -c -fmessage-length=0 -MMD -MP -MF"main.d" -MT"main.d" -o "main.o" "../main.c"
Finished building: ../main.c
 
Building target: AG
Invoking: Cross GCC Linker
gcc  -o "AG"  ./main.o   -lm
Finished building target: AG
 
22:56:57 **** Incremental Build of configuration Debug for project AG ****
make all 
make: Nada a ser feito para `all'.
23:04:17 **** Incremental Build of configuration Debug for project AG ****
make all 
Building file: ../main.c
Invoking: Cross GCC Compiler
gcc -Im -O0 -g3 -Wall -c -fmessage-length=0 -MMD -MP -MF"main.d" -MT"main.d" -o "main.o" "../main.c"
../main.c: In function ‘fitness_function’:
../main.c:39:14: warning: statement with no effect [-Wunused-value]
../main.c:40:2: error: expected ‘;’ before ‘int’
../main.c:41:6: error: ‘i’ undeclared (first use in this function)
../main.c:41:6: note: each undeclared identifier is reported only once for each function it appears in
../main.c: In function ‘main’:
../main.c:184:2: warning: implicit declaration of function ‘initialize_population’ [-Wimplicit-function-declaration]
make: ** [main.o] Erro 1
23:04:24 **** Incremental Build of configuration Debug for project AG ****
make all 
Building file: ../main.c
Invoking: Cross GCC Compiler
gcc -Im -O0 -g3 -Wall -c -fmessage-length=0 -MMD -MP -MF"main.d" -MT"main.d" -o "main.o" "../main.c"
../main.c: In function ‘main’:
../main.c:184:2: warning: implicit declaration of function ‘initialize_population’ [-Wimplicit-function-declaration]
Finished building: ../main.c
 
Building target: AG
Invoking: Cross GCC Linker
gcc  -o "AG"  ./main.o   -lm
./main.o: na função `main':
/home/igorsr/projetos/metaheuristics/Algoritmo genetico/AG/Debug/../main.c:184: referência indefinida para `initialize_population'
collect2: ld returned 1 exit status
make: ** [AG] Erro 1
23:04:54 **** Incremental Build of configuration Debug for project AG ****
make all 
Building file: ../main.c
Invoking: Cross GCC Compiler
gcc -Im -O0 -g3 -Wall -c -fmessage-length=0 -MMD -MP -MF"main.d" -MT"main.d" -o "main.o" "../main.c"
Finished building: ../main.c
 
Building target: AG
Invoking: Cross GCC Linker
gcc  -o "AG"  ./main.o   -lm
Finished building target: AG
 
23:04:55 **** Incremental Build of configuration Debug for project AG ****
make all 
make: Nada a ser feito para `all'.
23:04:56 **** Incremental Build of configuration Debug for project AG ****
make all 
make: Nada a ser feito para `all'.
23:05:03 **** Incremental Build of configuration Debug for project AG ****
make all 
Building file: ../main.c
Invoking: Cross GCC Compiler
gcc -Im -O0 -g3 -Wall -c -fmessage-length=0 -MMD -MP -MF"main.d" -MT"main.d" -o "main.o" "../main.c"
../main.c: In function ‘selection’:
../main.c:64:3: error: unknown type name ‘ew_populatione’
../main.c:61:6: warning: unused variable ‘partner’ [-Wunused-variable]
../main.c: In function ‘recombination’:
../main.c:79:2: error: ‘ew_populatione’ undeclared (first use in this function)
../main.c:79:2: note: each undeclared identifier is reported only once for each function it appears in
../main.c:80:2: error: expected ‘;’ before ‘int’
../main.c:83:16: error: ‘point’ undeclared (first use in this function)
../main.c: In function ‘mutation’:
../main.c:97:30: error: ‘ew_populatione’ undeclared (first use in this function)
../main.c:99:2: error: expected ‘;’ before ‘int’
../main.c:100:6: error: ‘i’ undeclared (first use in this function)
../main.c: In function ‘create_new_population’:
../main.c:156:27: error: unknown type name ‘ew_populatione’
../main.c:157:12: error: expected declaration specifiers or ‘...’ before ‘&’ token
make: ** [main.o] Erro 1
23:05:09 **** Incremental Build of configuration Debug for project AG ****
make all 
Building file: ../main.c
Invoking: Cross GCC Compiler
gcc -Im -O0 -g3 -Wall -c -fmessage-length=0 -MMD -MP -MF"main.d" -MT"main.d" -o "main.o" "../main.c"
../main.c: In function ‘selection’:
../main.c:64:3: error: unknown type name ‘ew_populatione’
../main.c:61:6: warning: unused variable ‘partner’ [-Wunused-variable]
../main.c: In function ‘recombination’:
../main.c:79:2: error: ‘ew_populatione’ undeclared (first use in this function)
../main.c:79:2: note: each undeclared identifier is reported only once for each function it appears in
../main.c:80:2: error: expected ‘;’ before ‘int’
../main.c:83:16: error: ‘point’ undeclared (first use in this function)
../main.c: In function ‘create_new_population’:
../main.c:156:27: error: unknown type name ‘ew_populatione’
../main.c:157:12: error: expected declaration specifiers or ‘...’ before ‘&’ token
make: ** [main.o] Erro 1
23:05:14 **** Incremental Build of configuration Debug for project AG ****
make all 
Building file: ../main.c
Invoking: Cross GCC Compiler
gcc -Im -O0 -g3 -Wall -c -fmessage-length=0 -MMD -MP -MF"main.d" -MT"main.d" -o "main.o" "../main.c"
../main.c: In function ‘selection’:
../main.c:64:3: error: unknown type name ‘ew_populatione’
../main.c:61:6: warning: unused variable ‘partner’ [-Wunused-variable]
../main.c: In function ‘create_new_population’:
../main.c:156:27: error: unknown type name ‘ew_populatione’
../main.c:157:12: error: expected declaration specifiers or ‘...’ before ‘&’ token
make: ** [main.o] Erro 1
23:05:18 **** Incremental Build of configuration Debug for project AG ****
make all 
Building file: ../main.c
Invoking: Cross GCC Compiler
gcc -Im -O0 -g3 -Wall -c -fmessage-length=0 -MMD -MP -MF"main.d" -MT"main.d" -o "main.o" "../main.c"
../main.c: In function ‘create_new_population’:
../main.c:156:27: error: unknown type name ‘ew_populatione’
../main.c:157:12: error: expected declaration specifiers or ‘...’ before ‘&’ token
make: ** [main.o] Erro 1
23:05:22 **** Incremental Build of configuration Debug for project AG ****
make all 
Building file: ../main.c
Invoking: Cross GCC Compiler
gcc -Im -O0 -g3 -Wall -c -fmessage-length=0 -MMD -MP -MF"main.d" -MT"main.d" -o "main.o" "../main.c"
Finished building: ../main.c
 
Building target: AG
Invoking: Cross GCC Linker
gcc  -o "AG"  ./main.o   -lm
Finished building target: AG
 
23:05:24 **** Incremental Build of configuration Debug for project AG ****
make all 
make: Nada a ser feito para `all'.
23:05:35 **** Incremental Build of configuration Debug for project AG ****
make all 
Building file: ../main.c
Invoking: Cross GCC Compiler
gcc -Im -O0 -g3 -Wall -c -fmessage-length=0 -MMD -MP -MF"main.d" -MT"main.d" -o "main.o" "../main.c"
Finished building: ../main.c
 
Building target: AG
Invoking: Cross GCC Linker
gcc  -o "AG"  ./main.o   -lm
Finished building target: AG
 
23:05:35 **** Incremental Build of configuration Debug for project AG ****
make all 
make: Nada a ser feito para `all'.
23:05:39 **** Incremental Build of configuration Debug for project AG ****
make all 
make: Nada a ser feito para `all'.
23:05:45 **** Incremental Build of configuration Debug for project AG ****
make all 
make: Nada a ser feito para `all'.
23:07:43 **** Incremental Build of configuration Debug for project AG ****
make all 
Building file: ../main.c
Invoking: Cross GCC Compiler
gcc -Im -O0 -g3 -Wall -c -fmessage-length=0 -MMD -MP -MF"main.d" -MT"main.d" -o "main.o" "../main.c"
Finished building: ../main.c
 
Building target: AG
Invoking: Cross GCC Linker
gcc  -o "AG"  ./main.o   -lm
Finished building target: AG
 
23:07:44 **** Incremental Build of configuration Debug for project AG ****
make all 
make: Nada a ser feito para `all'.
23:08:17 **** Incremental Build of configuration Debug for project AG ****
make all 
Building file: ../main.c
Invoking: Cross GCC Compiler
gcc -Im -O0 -g3 -Wall -c -fmessage-length=0 -MMD -MP -MF"main.d" -MT"main.d" -o "main.o" "../main.c"
Finished building: ../main.c
 
Building target: AG
Invoking: Cross GCC Linker
gcc  -o "AG"  ./main.o   -lm
Finished building target: AG
 
23:08:18 **** Incremental Build of configuration Debug for project AG ****
make all 
make: Nada a ser feito para `all'.
23:10:24 **** Incremental Build of configuration Debug for project AG ****
make all 
Building file: ../main.c
Invoking: Cross GCC Compiler
gcc -Im -O0 -g3 -Wall -c -fmessage-length=0 -MMD -MP -MF"main.d" -MT"main.d" -o "main.o" "../main.c"
Finished building: ../main.c
 
Building target: AG
Invoking: Cross GCC Linker
gcc  -o "AG"  ./main.o   -lm
Finished building target: AG
 
23:10:25 **** Incremental Build of configuration Debug for project AG ****
make all 
make: Nada a ser feito para `all'.
23:11:29 **** Incremental Build of configuration Debug for project AG ****
make all 
Building file: ../main.c
Invoking: Cross GCC Compiler
gcc -Im -O0 -g3 -Wall -c -fmessage-length=0 -MMD -MP -MF"main.d" -MT"main.d" -o "main.o" "../main.c"
Finished building: ../main.c
 
Building target: AG
Invoking: Cross GCC Linker
gcc  -o "AG"  ./main.o   -lm
Finished building target: AG
 
23:11:30 **** Incremental Build of configuration Debug for project AG ****
make all 
make: Nada a ser feito para `all'.
23:12:01 **** Incremental Build of configuration Debug for project AG ****
make all 
Building file: ../main.c
Invoking: Cross GCC Compiler
gcc -Im -O0 -g3 -Wall -c -fmessage-length=0 -MMD -MP -MF"main.d" -MT"main.d" -o "main.o" "../main.c"
Finished building: ../main.c
 
Building target: AG
Invoking: Cross GCC Linker
gcc  -o "AG"  ./main.o   -lm
Finished building target: AG
 
23:12:11 **** Incremental Build of configuration Debug for project AG ****
make all 
Building file: ../main.c
Invoking: Cross GCC Compiler
gcc -Im -O0 -g3 -Wall -c -fmessage-length=0 -MMD -MP -MF"main.d" -MT"main.d" -o "main.o" "../main.c"
Finished building: ../main.c
 
Building target: AG
Invoking: Cross GCC Linker
gcc  -o "AG"  ./main.o   -lm
Finished building target: AG
 
23:12:12 **** Incremental Build of configuration Debug for project AG ****
make all 
make: Nada a ser feito para `all'.
23:12:14 **** Incremental Build of configuration Debug for project AG ****
make all 
make: Nada a ser feito para `all'.
23:14:37 **** Incremental Build of configuration Debug for project AG ****
make all 
make: Nada a ser feito para `all'.
23:14:43 **** Incremental Build of configuration Debug for project AG ****
make all 
Building file: ../main.c
Invoking: Cross GCC Compiler
gcc -Im -O0 -g3 -Wall -c -fmessage-length=0 -MMD -MP -MF"main.d" -MT"main.d" -o "main.o" "../main.c"
Finished building: ../main.c
 
Building target: AG
Invoking: Cross GCC Linker
gcc  -o "AG"  ./main.o   -lm
Finished building target: AG
 
23:14:44 **** Incremental Build of configuration Debug for project AG ****
make all 
make: Nada a ser feito para `all'.
23:14:53 **** Incremental Build of configuration Debug for project AG ****
make all 
make: Nada a ser feito para `all'.
23:15:35 **** Incremental Build of configuration Debug for project AG ****
make all 
Building file: ../main.c
Invoking: Cross GCC Compiler
gcc -Im -O0 -g3 -Wall -c -fmessage-length=0 -MMD -MP -MF"main.d" -MT"main.d" -o "main.o" "../main.c"
Finished building: ../main.c
 
Building target: AG
Invoking: Cross GCC Linker
gcc  -o "AG"  ./main.o   -lm
Finished building target: AG
 
23:15:47 **** Incremental Build of configuration Debug for project AG ****
make all 
make: Nada a ser feito para `all'.
23:15:49 **** Incremental Build of configuration Debug for project AG ****
make all 
make: Nada a ser feito para `all'.
23:16:27 **** Incremental Build of configuration Debug for project AG ****
make all 
Building file: ../main.c
Invoking: Cross GCC Compiler
gcc -Im -O0 -g3 -Wall -c -fmessage-length=0 -MMD -MP -MF"main.d" -MT"main.d" -o "main.o" "../main.c"
Finished building: ../main.c
 
Building target: AG
Invoking: Cross GCC Linker
gcc  -o "AG"  ./main.o   -lm
Finished building target: AG
 
23:17:27 **** Incremental Build of configuration Debug for project AG ****
make all 
Building file: ../main.c
Invoking: Cross GCC Compiler
gcc -Im -O0 -g3 -Wall -c -fmessage-length=0 -MMD -MP -MF"main.d" -MT"main.d" -o "main.o" "../main.c"
Finished building: ../main.c
 
Building target: AG
Invoking: Cross GCC Linker
gcc  -o "AG"  ./main.o   -lm
Finished building target: AG
 
23:17:28 **** Incremental Build of configuration Debug for project AG ****
make all 
make: Nada a ser feito para `all'.
23:19:53 **** Incremental Build of configuration Debug for project AG ****
make all 
Building file: ../main.c
Invoking: Cross GCC Compiler
gcc -Im -O0 -g3 -Wall -c -fmessage-length=0 -MMD -MP -MF"main.d" -MT"main.d" -o "main.o" "../main.c"
../main.c: In function ‘population_replacement’:
../main.c:132:3: warning: implicit declaration of function ‘print_population’ [-Wimplicit-function-declaration]
../main.c: At top level:
../main.c:168:6: warning: conflicting types for ‘print_population’ [enabled by default]
../main.c:132:3: note: previous implicit declaration of ‘print_population’ was here
Finished building: ../main.c
 
Building target: AG
Invoking: Cross GCC Linker
gcc  -o "AG"  ./main.o   -lm
Finished building target: AG
 
23:19:56 **** Incremental Build of configuration Debug for project AG ****
make all 
make: Nada a ser feito para `all'.
23:20:15 **** Incremental Build of configuration Debug for project AG ****
make all 
Building file: ../main.c
Invoking: Cross GCC Compiler
gcc -Im -O0 -g3 -Wall -c -fmessage-length=0 -MMD -MP -MF"main.d" -MT"main.d" -o "main.o" "../main.c"
../main.c: In function ‘population_replacement’:
../main.c:132:3: warning: implicit declaration of function ‘print_population’ [-Wimplicit-function-declaration]
../main.c: At top level:
../main.c:168:6: warning: conflicting types for ‘print_population’ [enabled by default]
../main.c:132:3: note: previous implicit declaration of ‘print_population’ was here
Finished building: ../main.c
 
Building target: AG
Invoking: Cross GCC Linker
gcc  -o "AG"  ./main.o   -lm
Finished building target: AG
 
23:20:15 **** Incremental Build of configuration Debug for project AG ****
make all 
make: Nada a ser feito para `all'.
23:20:20 **** Incremental Build of configuration Debug for project AG ****
make all 
Building file: ../main.c
Invoking: Cross GCC Compiler
gcc -Im -O0 -g3 -Wall -c -fmessage-length=0 -MMD -MP -MF"main.d" -MT"main.d" -o "main.o" "../main.c"
../main.c: In function ‘population_replacement’:
../main.c:132:3: warning: implicit declaration of function ‘print_population’ [-Wimplicit-function-declaration]
../main.c: At top level:
../main.c:168:6: warning: conflicting types for ‘print_population’ [enabled by default]
../main.c:132:3: note: previous implicit declaration of ‘print_population’ was here
Finished building: ../main.c
 
Building target: AG
Invoking: Cross GCC Linker
gcc  -o "AG"  ./main.o   -lm
Finished building target: AG
 
23:20:22 **** Incremental Build of configuration Debug for project AG ****
make all 
make: Nada a ser feito para `all'.
23:20:30 **** Incremental Build of configuration Debug for project AG ****
make all 
Building file: ../main.c
Invoking: Cross GCC Compiler
gcc -Im -O0 -g3 -Wall -c -fmessage-length=0 -MMD -MP -MF"main.d" -MT"main.d" -o "main.o" "../main.c"
../main.c: In function ‘population_replacement’:
../main.c:132:3: warning: implicit declaration of function ‘print_population’ [-Wimplicit-function-declaration]
../main.c: At top level:
../main.c:168:6: warning: conflicting types for ‘print_population’ [enabled by default]
../main.c:132:3: note: previous implicit declaration of ‘print_population’ was here
Finished building: ../main.c
 
Building target: AG
Invoking: Cross GCC Linker
gcc  -o "AG"  ./main.o   -lm
Finished building target: AG
 
23:20:32 **** Incremental Build of configuration Debug for project AG ****
make all 
make: Nada a ser feito para `all'.
23:20:33 **** Incremental Build of configuration Debug for project AG ****
make all 
make: Nada a ser feito para `all'.
23:20:34 **** Incremental Build of configuration Debug for project AG ****
make all 
make: Nada a ser feito para `all'.
23:20:35 **** Incremental Build of configuration Debug for project AG ****
make all 
make: Nada a ser feito para `all'.
23:20:52 **** Incremental Build of configuration Debug for project AG ****
make all 
Building file: ../main.c
Invoking: Cross GCC Compiler
gcc -Im -O0 -g3 -Wall -c -fmessage-length=0 -MMD -MP -MF"main.d" -MT"main.d" -o "main.o" "../main.c"
Finished building: ../main.c
 
Building target: AG
Invoking: Cross GCC Linker
gcc  -o "AG"  ./main.o   -lm
Finished building target: AG
 
23:20:54 **** Incremental Build of configuration Debug for project AG ****
make all 
make: Nada a ser feito para `all'.
23:21:14 **** Incremental Build of configuration Debug for project AG ****
make all 
make: Nada a ser feito para `all'.
23:21:15 **** Incremental Build of configuration Debug for project AG ****
make all 
make: Nada a ser feito para `all'.
23:21:20 **** Incremental Build of configuration Debug for project AG ****
make all 
make: Nada a ser feito para `all'.
23:21:22 **** Incremental Build of configuration Debug for project AG ****
make all 
make: Nada a ser feito para `all'.
23:21:23 **** Incremental Build of configuration Debug for project AG ****
make all 
make: Nada a ser feito para `all'.
23:21:24 **** Incremental Build of configuration Debug for project AG ****
make all 
make: Nada a ser feito para `all'.
23:21:29 **** Incremental Build of configuration Debug for project AG ****
make all 
make: Nada a ser feito para `all'.
23:21:49 **** Incremental Build of configuration Debug for project AG ****
make all 
Building file: ../main.c
Invoking: Cross GCC Compiler
gcc -Im -O0 -g3 -Wall -c -fmessage-length=0 -MMD -MP -MF"main.d" -MT"main.d" -o "main.o" "../main.c"
../main.c: In function ‘selection’:
../main.c:70:3: warning: implicit declaration of function ‘print_population’ [-Wimplicit-function-declaration]
../main.c: At top level:
../main.c:167:6: warning: conflicting types for ‘print_population’ [enabled by default]
../main.c:70:3: note: previous implicit declaration of ‘print_population’ was here
Finished building: ../main.c
 
Building target: AG
Invoking: Cross GCC Linker
gcc  -o "AG"  ./main.o   -lm
Finished building target: AG
 
23:22:05 **** Incremental Build of configuration Debug for project AG ****
make all 
Building file: ../main.c
Invoking: Cross GCC Compiler
gcc -Im -O0 -g3 -Wall -c -fmessage-length=0 -MMD -MP -MF"main.d" -MT"main.d" -o "main.o" "../main.c"
../main.c: In function ‘selection’:
../main.c:70:3: warning: implicit declaration of function ‘print_population’ [-Wimplicit-function-declaration]
../main.c: At top level:
../main.c:167:6: warning: conflicting types for ‘print_population’ [enabled by default]
../main.c:70:3: note: previous implicit declaration of ‘print_population’ was here
Finished building: ../main.c
 
Building target: AG
Invoking: Cross GCC Linker
gcc  -o "AG"  ./main.o   -lm
Finished building target: AG
 
23:22:34 **** Incremental Build of configuration Debug for project AG ****
make all 
Building file: ../main.c
Invoking: Cross GCC Compiler
gcc -Im -O0 -g3 -Wall -c -fmessage-length=0 -MMD -MP -MF"main.d" -MT"main.d" -o "main.o" "../main.c"
Finished building: ../main.c
 
Building target: AG
Invoking: Cross GCC Linker
gcc  -o "AG"  ./main.o   -lm
Finished building target: AG
 
23:22:35 **** Incremental Build of configuration Debug for project AG ****
make all 
make: Nada a ser feito para `all'.
23:23:00 **** Incremental Build of configuration Debug for project AG ****
make all 
Building file: ../main.c
Invoking: Cross GCC Compiler
gcc -Im -O0 -g3 -Wall -c -fmessage-length=0 -MMD -MP -MF"main.d" -MT"main.d" -o "main.o" "../main.c"
Finished building: ../main.c
 
Building target: AG
Invoking: Cross GCC Linker
gcc  -o "AG"  ./main.o   -lm
Finished building target: AG
 
23:23:11 **** Incremental Build of configuration Debug for project AG ****
make all 
Building file: ../main.c
Invoking: Cross GCC Compiler
gcc -Im -O0 -g3 -Wall -c -fmessage-length=0 -MMD -MP -MF"main.d" -MT"main.d" -o "main.o" "../main.c"
Finished building: ../main.c
 
Building target: AG
Invoking: Cross GCC Linker
gcc  -o "AG"  ./main.o   -lm
Finished building target: AG
 
23:24:36 **** Incremental Build of configuration Debug for project AG ****
make all 
Building file: ../main.c
Invoking: Cross GCC Compiler
gcc -Im -O0 -g3 -Wall -c -fmessage-length=0 -MMD -MP -MF"main.d" -MT"main.d" -o "main.o" "../main.c"
Finished building: ../main.c
 
Building target: AG
Invoking: Cross GCC Linker
gcc  -o "AG"  ./main.o   -lm
Finished building target: AG
 
23:24:38 **** Incremental Build of configuration Debug for project AG ****
make all 
make: Nada a ser feito para `all'.
23:24:39 **** Incremental Build of configuration Debug for project AG ****
make all 
make: Nada a ser feito para `all'.
23:24:56 **** Incremental Build of configuration Debug for project AG ****
make all 
Building file: ../main.c
Invoking: Cross GCC Compiler
gcc -Im -O0 -g3 -Wall -c -fmessage-length=0 -MMD -MP -MF"main.d" -MT"main.d" -o "main.o" "../main.c"
Finished building: ../main.c
 
Building target: AG
Invoking: Cross GCC Linker
gcc  -o "AG"  ./main.o   -lm
Finished building target: AG
 
23:24:57 **** Incremental Build of configuration Debug for project AG ****
make all 
make: Nada a ser feito para `all'.
23:25:06 **** Incremental Build of configuration Debug for project AG ****
make all 
Building file: ../main.c
Invoking: Cross GCC Compiler
gcc -Im -O0 -g3 -Wall -c -fmessage-length=0 -MMD -MP -MF"main.d" -MT"main.d" -o "main.o" "../main.c"
Finished building: ../main.c
 
Building target: AG
Invoking: Cross GCC Linker
gcc  -o "AG"  ./main.o   -lm
Finished building target: AG
 
23:25:08 **** Incremental Build of configuration Debug for project AG ****
make all 
make: Nada a ser feito para `all'.
23:27:40 **** Incremental Build of configuration Debug for project AG ****
make all 
Building file: ../main.c
Invoking: Cross GCC Compiler
gcc -Im -O0 -g3 -Wall -c -fmessage-length=0 -MMD -MP -MF"main.d" -MT"main.d" -o "main.o" "../main.c"
Finished building: ../main.c
 
Building target: AG
Invoking: Cross GCC Linker
gcc  -o "AG"  ./main.o   -lm
Finished building target: AG
 
23:28:12 **** Incremental Build of configuration Debug for project AG ****
make all 
Building file: ../main.c
Invoking: Cross GCC Compiler
gcc -Im -O0 -g3 -Wall -c -fmessage-length=0 -MMD -MP -MF"main.d" -MT"main.d" -o "main.o" "../main.c"
../main.c: In function ‘recombination’:
../main.c:99:4: error: unknown type name ‘JULI’
../main.c:99:22: error: expected ‘=’, ‘,’, ‘;’, ‘asm’ or ‘__attribute__’ before ‘.’ token
make: ** [main.o] Erro 1
23:28:15 **** Incremental Build of configuration Debug for project AG ****
make all 
Building file: ../main.c
Invoking: Cross GCC Compiler
gcc -Im -O0 -g3 -Wall -c -fmessage-length=0 -MMD -MP -MF"main.d" -MT"main.d" -o "main.o" "../main.c"
../main.c: In function ‘recombination’:
../main.c:99:4: error: unknown type name ‘JULI’
../main.c:99:22: error: expected ‘=’, ‘,’, ‘;’, ‘asm’ or ‘__attribute__’ before ‘.’ token
make: ** [main.o] Erro 1
23:28:24 **** Incremental Build of configuration Debug for project AG ****
make all 
Building file: ../main.c
Invoking: Cross GCC Compiler
gcc -Im -O0 -g3 -Wall -c -fmessage-length=0 -MMD -MP -MF"main.d" -MT"main.d" -o "main.o" "../main.c"
Finished building: ../main.c
 
Building target: AG
Invoking: Cross GCC Linker
gcc  -o "AG"  ./main.o   -lm
Finished building target: AG
 
23:28:35 **** Incremental Build of configuration Debug for project AG ****
make all 
make: Nada a ser feito para `all'.
23:30:43 **** Incremental Build of configuration Debug for project AG ****
make all 
Building file: ../main.c
Invoking: Cross GCC Compiler
gcc -Im -O0 -g3 -Wall -c -fmessage-length=0 -MMD -MP -MF"main.d" -MT"main.d" -o "main.o" "../main.c"
Finished building: ../main.c
 
Building target: AG
Invoking: Cross GCC Linker
gcc  -o "AG"  ./main.o   -lm
Finished building target: AG
 
23:30:44 **** Incremental Build of configuration Debug for project AG ****
make all 
make: Nada a ser feito para `all'.
23:31:03 **** Incremental Build of configuration Debug for project AG ****
make all 
make: Nada a ser feito para `all'.
23:31:11 **** Incremental Build of configuration Debug for project AG ****
make all 
Building file: ../main.c
Invoking: Cross GCC Compiler
gcc -Im -O0 -g3 -Wall -c -fmessage-length=0 -MMD -MP -MF"main.d" -MT"main.d" -o "main.o" "../main.c"
Finished building: ../main.c
 
Building target: AG
Invoking: Cross GCC Linker
gcc  -o "AG"  ./main.o   -lm
Finished building target: AG
 
23:31:14 **** Incremental Build of configuration Debug for project AG ****
make all 
make: Nada a ser feito para `all'.
23:31:16 **** Incremental Build of configuration Debug for project AG ****
make all 
make: Nada a ser feito para `all'.
23:31:18 **** Incremental Build of configuration Debug for project AG ****
make all 
make: Nada a ser feito para `all'.
23:31:29 **** Incremental Build of configuration Debug for project AG ****
make all 
Building file: ../main.c
Invoking: Cross GCC Compiler
gcc -Im -O0 -g3 -Wall -c -fmessage-length=0 -MMD -MP -MF"main.d" -MT"main.d" -o "main.o" "../main.c"
Finished building: ../main.c
 
Building target: AG
Invoking: Cross GCC Linker
gcc  -o "AG"  ./main.o   -lm
Finished building target: AG
 
23:31:31 **** Incremental Build of configuration Debug for project AG ****
make all 
make: Nada a ser feito para `all'.
23:34:05 **** Incremental Build of configuration Debug for project AG ****
make all 
Building file: ../main.c
Invoking: Cross GCC Compiler
gcc -Im -O0 -g3 -Wall -c -fmessage-length=0 -MMD -MP -MF"main.d" -MT"main.d" -o "main.o" "../main.c"
../main.c: In function ‘recombination’:
../main.c:83:2: warning: format ‘%f’ expects argument of type ‘double’, but argument 2 has type ‘int’ [-Wformat]
Finished building: ../main.c
 
Building target: AG
Invoking: Cross GCC Linker
gcc  -o "AG"  ./main.o   -lm
Finished building target: AG
 
23:34:07 **** Incremental Build of configuration Debug for project AG ****
make all 
make: Nada a ser feito para `all'.
23:34:24 **** Incremental Build of configuration Debug for project AG ****
make all 
Building file: ../main.c
Invoking: Cross GCC Compiler
gcc -Im -O0 -g3 -Wall -c -fmessage-length=0 -MMD -MP -MF"main.d" -MT"main.d" -o "main.o" "../main.c"
Finished building: ../main.c
 
Building target: AG
Invoking: Cross GCC Linker
gcc  -o "AG"  ./main.o   -lm
Finished building target: AG
 
23:34:25 **** Incremental Build of configuration Debug for project AG ****
make all 
make: Nada a ser feito para `all'.
23:34:32 **** Incremental Build of configuration Debug for project AG ****
make all 
Building file: ../main.c
Invoking: Cross GCC Compiler
gcc -Im -O0 -g3 -Wall -c -fmessage-length=0 -MMD -MP -MF"main.d" -MT"main.d" -o "main.o" "../main.c"
../main.c: In function ‘recombination’:
../main.c:83:2: warning: format ‘%lf’ expects argument of type ‘double’, but argument 2 has type ‘int’ [-Wformat]
Finished building: ../main.c
 
Building target: AG
Invoking: Cross GCC Linker
gcc  -o "AG"  ./main.o   -lm
Finished building target: AG
 
23:34:33 **** Incremental Build of configuration Debug for project AG ****
make all 
make: Nada a ser feito para `all'.
23:34:49 **** Incremental Build of configuration Debug for project AG ****
make all 
Building file: ../main.c
Invoking: Cross GCC Compiler
gcc -Im -O0 -g3 -Wall -c -fmessage-length=0 -MMD -MP -MF"main.d" -MT"main.d" -o "main.o" "../main.c"
../main.c: In function ‘recombination’:
../main.c:83:2: warning: format ‘%lf’ expects argument of type ‘double’, but argument 2 has type ‘int’ [-Wformat]
Finished building: ../main.c
 
Building target: AG
Invoking: Cross GCC Linker
gcc  -o "AG"  ./main.o   -lm
Finished building target: AG
 
23:34:51 **** Incremental Build of configuration Debug for project AG ****
make all 
make: Nada a ser feito para `all'.
23:34:57 **** Incremental Build of configuration Debug for project AG ****
make all 
Building file: ../main.c
Invoking: Cross GCC Compiler
gcc -Im -O0 -g3 -Wall -c -fmessage-length=0 -MMD -MP -MF"main.d" -MT"main.d" -o "main.o" "../main.c"
../main.c: In function ‘recombination’:
../main.c:83:2: warning: format ‘%f’ expects argument of type ‘double’, but argument 2 has type ‘int’ [-Wformat]
Finished building: ../main.c
 
Building target: AG
Invoking: Cross GCC Linker
gcc  -o "AG"  ./main.o   -lm
Finished building target: AG
 
23:34:58 **** Incremental Build of configuration Debug for project AG ****
make all 
make: Nada a ser feito para `all'.
23:35:12 **** Incremental Build of configuration Debug for project AG ****
make all 
Building file: ../main.c
Invoking: Cross GCC Compiler
gcc -Im -O0 -g3 -Wall -c -fmessage-length=0 -MMD -MP -MF"main.d" -MT"main.d" -o "main.o" "../main.c"
Finished building: ../main.c
 
Building target: AG
Invoking: Cross GCC Linker
gcc  -o "AG"  ./main.o   -lm
Finished building target: AG
 
23:35:14 **** Incremental Build of configuration Debug for project AG ****
make all 
make: Nada a ser feito para `all'.
23:35:24 **** Incremental Build of configuration Debug for project AG ****
make all 
Building file: ../main.c
Invoking: Cross GCC Compiler
gcc -Im -O0 -g3 -Wall -c -fmessage-length=0 -MMD -MP -MF"main.d" -MT"main.d" -o "main.o" "../main.c"
Finished building: ../main.c
 
Building target: AG
Invoking: Cross GCC Linker
gcc  -o "AG"  ./main.o   -lm
Finished building target: AG
 
23:35:26 **** Incremental Build of configuration Debug for project AG ****
make all 
make: Nada a ser feito para `all'.
23:35:38 **** Incremental Build of configuration Debug for project AG ****
make all 
Building file: ../main.c
Invoking: Cross GCC Compiler
gcc -Im -O0 -g3 -Wall -c -fmessage-length=0 -MMD -MP -MF"main.d" -MT"main.d" -o "main.o" "../main.c"
Finished building: ../main.c
 
Building target: AG
Invoking: Cross GCC Linker
gcc  -o "AG"  ./main.o   -lm
Finished building target: AG
 
23:35:39 **** Incremental Build of configuration Debug for project AG ****
make all 
make: Nada a ser feito para `all'.
23:36:11 **** Incremental Build of configuration Debug for project AG ****
make all 
Building file: ../main.c
Invoking: Cross GCC Compiler
gcc -Im -O0 -g3 -Wall -c -fmessage-length=0 -MMD -MP -MF"main.d" -MT"main.d" -o "main.o" "../main.c"
Finished building: ../main.c
 
Building target: AG
Invoking: Cross GCC Linker
gcc  -o "AG"  ./main.o   -lm
Finished building target: AG
 
23:36:12 **** Incremental Build of configuration Debug for project AG ****
make all 
make: Nada a ser feito para `all'.
23:36:36 **** Incremental Build of configuration Debug for project AG ****
make all 
Building file: ../main.c
Invoking: Cross GCC Compiler
gcc -Im -O0 -g3 -Wall -c -fmessage-length=0 -MMD -MP -MF"main.d" -MT"main.d" -o "main.o" "../main.c"
Finished building: ../main.c
 
Building target: AG
Invoking: Cross GCC Linker
gcc  -o "AG"  ./main.o   -lm
Finished building target: AG
 
23:37:08 **** Incremental Build of configuration Debug for project AG ****
make all 
Building file: ../main.c
Invoking: Cross GCC Compiler
gcc -Im -O0 -g3 -Wall -c -fmessage-length=0 -MMD -MP -MF"main.d" -MT"main.d" -o "main.o" "../main.c"
Finished building: ../main.c
 
Building target: AG
Invoking: Cross GCC Linker
gcc  -o "AG"  ./main.o   -lm
Finished building target: AG
 
23:37:09 **** Incremental Build of configuration Debug for project AG ****
make all 
make: Nada a ser feito para `all'.
23:37:20 **** Incremental Build of configuration Debug for project AG ****
make all 
Building file: ../main.c
Invoking: Cross GCC Compiler
gcc -Im -O0 -g3 -Wall -c -fmessage-length=0 -MMD -MP -MF"main.d" -MT"main.d" -o "main.o" "../main.c"
Finished building: ../main.c
 
Building target: AG
Invoking: Cross GCC Linker
gcc  -o "AG"  ./main.o   -lm
Finished building target: AG
 
23:37:21 **** Incremental Build of configuration Debug for project AG ****
make all 
make: Nada a ser feito para `all'.
23:38:05 **** Incremental Build of configuration Debug for project AG ****
make all 
Building file: ../main.c
Invoking: Cross GCC Compiler
gcc -Im -O0 -g3 -Wall -c -fmessage-length=0 -MMD -MP -MF"main.d" -MT"main.d" -o "main.o" "../main.c"
Finished building: ../main.c
 
Building target: AG
Invoking: Cross GCC Linker
gcc  -o "AG"  ./main.o   -lm
Finished building target: AG
 
23:38:06 **** Incremental Build of configuration Debug for project AG ****
make all 
make: Nada a ser feito para `all'.
23:38:30 **** Incremental Build of configuration Debug for project AG ****
make all 
Building file: ../main.c
Invoking: Cross GCC Compiler
gcc -Im -O0 -g3 -Wall -c -fmessage-length=0 -MMD -MP -MF"main.d" -MT"main.d" -o "main.o" "../main.c"
Finished building: ../main.c
 
Building target: AG
Invoking: Cross GCC Linker
gcc  -o "AG"  ./main.o   -lm
Finished building target: AG
 
23:38:32 **** Incremental Build of configuration Debug for project AG ****
make all 
make: Nada a ser feito para `all'.
23:39:14 **** Incremental Build of configuration Debug for project AG ****
make all 
Building file: ../main.c
Invoking: Cross GCC Compiler
gcc -Im -O0 -g3 -Wall -c -fmessage-length=0 -MMD -MP -MF"main.d" -MT"main.d" -o "main.o" "../main.c"
Finished building: ../main.c
 
Building target: AG
Invoking: Cross GCC Linker
gcc  -o "AG"  ./main.o   -lm
Finished building target: AG
 
23:39:15 **** Incremental Build of configuration Debug for project AG ****
make all 
make: Nada a ser feito para `all'.
23:40:27 **** Incremental Build of configuration Debug for project AG ****
make all 
Building file: ../main.c
Invoking: Cross GCC Compiler
gcc -Im -O0 -g3 -Wall -c -fmessage-length=0 -MMD -MP -MF"main.d" -MT"main.d" -o "main.o" "../main.c"
Finished building: ../main.c
 
Building target: AG
Invoking: Cross GCC Linker
gcc  -o "AG"  ./main.o   -lm
Finished building target: AG
 
23:40:28 **** Incremental Build of configuration Debug for project AG ****
make all 
make: Nada a ser feito para `all'.
23:42:33 **** Incremental Build of configuration Debug for project AG ****
make all 
Building file: ../src/main.c
Invoking: Cross GCC Compiler
gcc -Im -O0 -g3 -Wall -c -fmessage-length=0 -MMD -MP -MF"src/main.d" -MT"src/main.d" -o "src/main.o" "../src/main.c"
Finished building: ../src/main.c
 
Building target: AG
Invoking: Cross GCC Linker
gcc  -o "AG"  ./src/main.o   -lm
Finished building target: AG
 
23:42:36 **** Incremental Build of configuration Debug for project AG ****
make all 
make: Nada a ser feito para `all'.
23:42:43 **** Incremental Build of configuration Debug for project AG ****
make all 
make: Nada a ser feito para `all'.
